This is pdfTeX, Version 3.141592653-2.6-1.40.25 (MiKTeX 23.5) (preloaded format=pdflatex 2023.5.19)  19 MAY 2023 10:25
entering extended mode
 restricted \write18 enabled.
 %&-line parsing enabled.
**./manuscript.tex
(manuscript.tex
LaTeX2e <2022-11-01> patch level 1
L3 programming layer <2023-05-15> (C:\Users\rjbischo\AppData\Local\Programs\MiK
TeX\tex/latex/base\article.cls
Document Class: article 2022/07/02 v1.4n Standard LaTeX document class
(C:\Users\rjbischo\AppData\Local\Programs\MiKTeX\tex/latex/base\size10.clo
File: size10.clo 2022/07/02 v1.4n Standard LaTeX file (size option)
)
\c@part=\count185
\c@section=\count186
\c@subsection=\count187
\c@subsubsection=\count188
\c@paragraph=\count189
\c@subparagraph=\count190
\c@figure=\count191
\c@table=\count192
\abovecaptionskip=\skip48
\belowcaptionskip=\skip49
\bibindent=\dimen140
) (template/preamble.tex (C:\Users\rjbischo\AppData\Local\Programs\MiKTeX\tex/l
atex/xstring\xstring.sty
(C:\Users\rjbischo\AppData\Local\Programs\MiKTeX\tex/generic/xstring\xstring.te
x
\integerpart=\count193
\decimalpart=\count194
)
Package: xstring 2023/01/14 v1.85 String manipulations (CT)
)
(C:\Users\rjbischo\AppData\Local\Programs\MiKTeX\tex/latex/geometry\geometry.st
y
Package: geometry 2020/01/02 v5.9 Page Geometry
(C:\Users\rjbischo\AppData\Local\Programs\MiKTeX\tex/latex/graphics\keyval.sty
Package: keyval 2022/05/29 v1.15 key=value parser (DPC)
\KV@toks@=\toks16
) (C:\Users\rjbischo\AppData\Local\Programs\MiKTeX\tex/generic/iftex\ifvtex.sty
Package: ifvtex 2019/10/25 v1.7 ifvtex legacy package. Use iftex instead.
(C:\Users\rjbischo\AppData\Local\Programs\MiKTeX\tex/generic/iftex\iftex.sty
Package: iftex 2022/02/03 v1.0f TeX engine tests
))
\Gm@cnth=\count195
\Gm@cntv=\count196
\c@Gm@tempcnt=\count197
\Gm@bindingoffset=\dimen141
\Gm@wd@mp=\dimen142
\Gm@odd@mp=\dimen143
\Gm@even@mp=\dimen144
\Gm@layoutwidth=\dimen145
\Gm@layoutheight=\dimen146
\Gm@layouthoffset=\dimen147
\Gm@layoutvoffset=\dimen148
\Gm@dimlist=\toks17

(C:\Users\rjbischo\AppData\Local\Programs\MiKTeX\tex/latex/geometry\geometry.cf
g)) (C:\Users\rjbischo\AppData\Local\Programs\MiKTeX\tex/latex/base\ifthen.sty
Package: ifthen 2022/04/13 v1.1d Standard LaTeX ifthen package (DPC)
) (C:\Users\rjbischo\AppData\Local\Programs\MiKTeX\tex/latex/tools\longtable.st
y
Package: longtable 2021-09-01 v4.17 Multi-page Table package (DPC)
\LTleft=\skip50
\LTright=\skip51
\LTpre=\skip52
\LTpost=\skip53
\LTchunksize=\count198
\LTcapwidth=\dimen149
\LT@head=\box51
\LT@firsthead=\box52
\LT@foot=\box53
\LT@lastfoot=\box54
\LT@gbox=\box55
\LT@cols=\count199
\LT@rows=\count266
\c@LT@tables=\count267
\c@LT@chunks=\count268
\LT@p@ftn=\toks18
)
(C:\Users\rjbischo\AppData\Local\Programs\MiKTeX\tex/latex/booktabs\booktabs.st
y
Package: booktabs 2020/01/12 v1.61803398 Publication quality tables
\heavyrulewidth=\dimen150
\lightrulewidth=\dimen151
\cmidrulewidth=\dimen152
\belowrulesep=\dimen153
\belowbottomsep=\dimen154
\aboverulesep=\dimen155
\abovetopsep=\dimen156
\cmidrulesep=\dimen157
\cmidrulekern=\dimen158
\defaultaddspace=\dimen159
\@cmidla=\count269
\@cmidlb=\count270
\@aboverulesep=\dimen160
\@belowrulesep=\dimen161
\@thisruleclass=\count271
\@lastruleclass=\count272
\@thisrulewidth=\dimen162
)
(C:\Users\rjbischo\AppData\Local\Programs\MiKTeX\tex/latex/marginnote\marginnot
e.sty
Package: marginnote 2018/08/09 v1.4b non floating margin notes for LaTeX
\c@mn@abspage=\count273
) (C:\Users\rjbischo\AppData\Local\Programs\MiKTeX\tex/latex/lipsum\lipsum.sty
(C:\Users\rjbischo\AppData\Local\Programs\MiKTeX\tex/latex/l3packages/l3keys2e\
l3keys2e.sty (C:\Users\rjbischo\AppData\Local\Programs\MiKTeX\tex/latex/l3kerne
l\expl3.sty
Package: expl3 2023-05-15 L3 programming layer (loader) 

(C:\Users\rjbischo\AppData\Local\Programs\MiKTeX\tex/latex/l3backend\l3backend-
pdftex.def
File: l3backend-pdftex.def 2023-04-19 L3 backend support: PDF output (pdfTeX)
\l__color_backend_stack_int=\count274
\l__pdf_internal_box=\box56
))
Package: l3keys2e 2023-02-02 LaTeX2e option processing using LaTeX3 keys
)
Package: lipsum 2021-09-20 v2.7 150 paragraphs of Lorem Ipsum dummy text
\g__lipsum_par_int=\count275
\l__lipsum_a_int=\count276
\l__lipsum_b_int=\count277

(C:\Users\rjbischo\AppData\Local\Programs\MiKTeX\tex/latex/lipsum\lipsum.ltd.te
x)) (C:\Users\rjbischo\AppData\Local\Programs\MiKTeX\tex/latex/tools\calc.sty
Package: calc 2017/05/25 v4.3 Infix arithmetic (KKT,FJ)
\calc@Acount=\count278
\calc@Bcount=\count279
\calc@Adimen=\dimen163
\calc@Bdimen=\dimen164
\calc@Askip=\skip54
\calc@Bskip=\skip55
LaTeX Info: Redefining \setlength on input line 80.
LaTeX Info: Redefining \addtolength on input line 81.
\calc@Ccount=\count280
\calc@Cskip=\skip56
) (C:\Users\rjbischo\AppData\Local\Programs\MiKTeX\tex/latex/siunitx\siunitx.st
y
Package: siunitx 2023-04-13 v3.2.5 A comprehensive (SI) units package
\l__siunitx_angle_tmp_dim=\dimen165
\l__siunitx_angle_marker_box=\box57
\l__siunitx_angle_unit_box=\box58
\l__siunitx_compound_count_int=\count281

(C:\Users\rjbischo\AppData\Local\Programs\MiKTeX\tex/latex/translations\transla
tions.sty
Package: translations 2022/02/05 v1.12 internationalization of LaTeX2e packages
 (CN)

(C:\Users\rjbischo\AppData\Local\Programs\MiKTeX\tex/latex/etoolbox\etoolbox.st
y
Package: etoolbox 2020/10/05 v2.5k e-TeX tools for LaTeX (JAW)
\etb@tempcnta=\count282
)
(C:\Users\rjbischo\AppData\Local\Programs\MiKTeX\tex/generic/pdftexcmds\pdftexc
mds.sty
Package: pdftexcmds 2020-06-27 v0.33 Utility functions of pdfTeX for LuaTeX (HO
)

(C:\Users\rjbischo\AppData\Local\Programs\MiKTeX\tex/generic/infwarerr\infwarer
r.sty
Package: infwarerr 2019/12/03 v1.5 Providing info/warning/error messages (HO)
)
(C:\Users\rjbischo\AppData\Local\Programs\MiKTeX\tex/generic/ltxcmds\ltxcmds.st
y
Package: ltxcmds 2020-05-10 v1.25 LaTeX kernel commands for general use (HO)
)
Package pdftexcmds Info: \pdf@primitive is available.
Package pdftexcmds Info: \pdf@ifprimitive is available.
Package pdftexcmds Info: \pdfdraftmode found.
))
\l__siunitx_number_exponent_fixed_int=\count283
\l__siunitx_number_min_decimal_int=\count284
\l__siunitx_number_min_integer_int=\count285
\l__siunitx_number_round_precision_int=\count286
\l__siunitx_number_lower_threshold_int=\count287
\l__siunitx_number_upper_threshold_int=\count288
\l__siunitx_number_group_first_int=\count289
\l__siunitx_number_group_size_int=\count290
\l__siunitx_number_group_minimum_int=\count291
(C:\Users\rjbischo\AppData\Local\Programs\MiKTeX\tex/latex/amsmath\amstext.sty
Package: amstext 2021/08/26 v2.01 AMS text
(C:\Users\rjbischo\AppData\Local\Programs\MiKTeX\tex/latex/amsmath\amsgen.sty
File: amsgen.sty 1999/11/30 v2.0 generic functions
\@emptytoks=\toks19
\ex@=\dimen166
))
\l__siunitx_table_tmp_box=\box59
\l__siunitx_table_tmp_dim=\dimen167
\l__siunitx_table_column_width_dim=\dimen168
\l__siunitx_table_integer_box=\box60
\l__siunitx_table_decimal_box=\box61
\l__siunitx_table_uncert_box=\box62
\l__siunitx_table_before_box=\box63
\l__siunitx_table_after_box=\box64
\l__siunitx_table_before_dim=\dimen169
\l__siunitx_table_carry_dim=\dimen170
\l__siunitx_unit_tmp_int=\count292
\l__siunitx_unit_position_int=\count293
\l__siunitx_unit_total_int=\count294
(C:\Users\rjbischo\AppData\Local\Programs\MiKTeX\tex/latex/tools\array.sty
Package: array 2022/09/04 v2.5g Tabular extension package (FMi)
\col@sep=\dimen171
\ar@mcellbox=\box65
\extrarowheight=\dimen172
\NC@list=\toks20
\extratabsurround=\skip57
\backup@length=\skip58
\ar@cellbox=\box66
)) (C:\Users\rjbischo\AppData\Local\Programs\MiKTeX\tex/latex/lineno\lineno.sty
Package: lineno 2023/01/19 line numbers on paragraphs v5.1
\linenopenalty=\count295
\output=\toks21
\linenoprevgraf=\count296
\linenumbersep=\dimen173
\linenumberwidth=\dimen174
\c@linenumber=\count297
\c@pagewiselinenumber=\count298
\c@LN@truepage=\count299
\c@internallinenumber=\count300
\c@internallinenumbers=\count301
\quotelinenumbersep=\dimen175
\bframerule=\dimen176
\bframesep=\dimen177
\bframebox=\box67
LaTeX Info: Redefining \\ on input line 3131.
) (C:\Users\rjbischo\AppData\Local\Programs\MiKTeX\tex/latex/base\inputenc.sty
Package: inputenc 2021/02/14 v1.3d Input encoding file
\inpenc@prehook=\toks22
\inpenc@posthook=\toks23
) (C:\Users\rjbischo\AppData\Local\Programs\MiKTeX\tex/latex/base\fontenc.sty
Package: fontenc 2021/04/29 v2.0v Standard LaTeX package
) (C:\Users\rjbischo\AppData\Local\Programs\MiKTeX\tex/latex/xcolor\xcolor.sty
Package: xcolor 2022/06/12 v2.14 LaTeX color extensions (UK)

(C:\Users\rjbischo\AppData\Local\Programs\MiKTeX\tex/latex/graphics-cfg\color.c
fg
File: color.cfg 2016/01/02 v1.6 sample color configuration
)
Package xcolor Info: Driver file: pdftex.def on input line 227.

(C:\Users\rjbischo\AppData\Local\Programs\MiKTeX\tex/latex/graphics-def\pdftex.
def
File: pdftex.def 2022/09/22 v1.2b Graphics/color driver for pdftex
)
(C:\Users\rjbischo\AppData\Local\Programs\MiKTeX\tex/latex/graphics\mathcolor.l
tx)
Package xcolor Info: Model `cmy' substituted by `cmy0' on input line 1353.
Package xcolor Info: Model `hsb' substituted by `rgb' on input line 1357.
Package xcolor Info: Model `RGB' extended on input line 1369.
Package xcolor Info: Model `HTML' substituted by `rgb' on input line 1371.
Package xcolor Info: Model `Hsb' substituted by `hsb' on input line 1372.
Package xcolor Info: Model `tHsb' substituted by `hsb' on input line 1373.
Package xcolor Info: Model `HSB' substituted by `hsb' on input line 1374.
Package xcolor Info: Model `Gray' substituted by `gray' on input line 1375.
Package xcolor Info: Model `wave' substituted by `hsb' on input line 1376.

(C:\Users\rjbischo\AppData\Local\Programs\MiKTeX\tex/latex/graphics\dvipsnam.de
f
File: dvipsnam.def 2016/06/17 v3.0m Driver-dependent file (DPC,SPQR)
))
(C:\Users\rjbischo\AppData\Local\Programs\MiKTeX\tex/latex/colortbl\colortbl.st
y
Package: colortbl 2022/06/20 v1.0f Color table columns (DPC)
\everycr=\toks24
\minrowclearance=\skip59
\rownum=\count302
)
(C:\Users\rjbischo\AppData\Local\Programs\MiKTeX\tex/latex/pdflscape\pdflscape.
sty
Package: pdflscape 2022-10-27 v0.13 Display of landscape pages in PDF

(C:\Users\rjbischo\AppData\Local\Programs\MiKTeX\tex/latex/pdflscape\pdflscape-
nometadata.sty
Package: pdflscape-nometadata 2022-10-28 v0.13 Display of landscape pages in PD
F (HO)
(C:\Users\rjbischo\AppData\Local\Programs\MiKTeX\tex/latex/graphics\lscape.sty
Package: lscape 2020/05/28 v3.02 Landscape Pages (DPC)

(C:\Users\rjbischo\AppData\Local\Programs\MiKTeX\tex/latex/graphics\graphics.st
y
Package: graphics 2022/03/10 v1.4e Standard LaTeX Graphics (DPC,SPQR)
(C:\Users\rjbischo\AppData\Local\Programs\MiKTeX\tex/latex/graphics\trig.sty
Package: trig 2021/08/11 v1.11 sin cos tan (DPC)
)
(C:\Users\rjbischo\AppData\Local\Programs\MiKTeX\tex/latex/graphics-cfg\graphic
s.cfg
File: graphics.cfg 2016/06/04 v1.11 sample graphics configuration
)
Package graphics Info: Driver file: pdftex.def on input line 107.
))
Package pdflscape Info: Auto-detected driver: pdftex on input line 81.
))
(C:\Users\rjbischo\AppData\Local\Programs\MiKTeX\tex/latex/biblatex\biblatex.st
y
Package: biblatex 2023/03/05 v3.19 programmable bibliographies (PK/MW)

(C:\Users\rjbischo\AppData\Local\Programs\MiKTeX\tex/latex/kvoptions\kvoptions.
sty
Package: kvoptions 2022-06-15 v3.15 Key value format for package options (HO)

(C:\Users\rjbischo\AppData\Local\Programs\MiKTeX\tex/latex/kvsetkeys\kvsetkeys.
sty
Package: kvsetkeys 2022-10-05 v1.19 Key value parser (HO)
)) (C:\Users\rjbischo\AppData\Local\Programs\MiKTeX\tex/latex/logreq\logreq.sty
Package: logreq 2010/08/04 v1.0 xml request logger
\lrq@indent=\count303
(C:\Users\rjbischo\AppData\Local\Programs\MiKTeX\tex/latex/logreq\logreq.def
File: logreq.def 2010/08/04 v1.0 logreq spec v1.0
)) (C:\Users\rjbischo\AppData\Local\Programs\MiKTeX\tex/latex/url\url.sty
\Urlmuskip=\muskip16
Package: url 2013/09/16  ver 3.4  Verb mode for urls, etc.
)
\c@tabx@nest=\count304
\c@listtotal=\count305
\c@listcount=\count306
\c@liststart=\count307
\c@liststop=\count308
\c@citecount=\count309
\c@citetotal=\count310
\c@multicitecount=\count311
\c@multicitetotal=\count312
\c@instcount=\count313
\c@maxnames=\count314
\c@minnames=\count315
\c@maxitems=\count316
\c@minitems=\count317
\c@citecounter=\count318
\c@maxcitecounter=\count319
\c@savedcitecounter=\count320
\c@uniquelist=\count321
\c@uniquename=\count322
\c@refsection=\count323
\c@refsegment=\count324
\c@maxextratitle=\count325
\c@maxextratitleyear=\count326
\c@maxextraname=\count327
\c@maxextradate=\count328
\c@maxextraalpha=\count329
\c@abbrvpenalty=\count330
\c@highnamepenalty=\count331
\c@lownamepenalty=\count332
\c@maxparens=\count333
\c@parenlevel=\count334
\blx@tempcnta=\count335
\blx@tempcntb=\count336
\blx@tempcntc=\count337
\c@blx@maxsection=\count338
\blx@maxsegment@0=\count339
\blx@notetype=\count340
\blx@parenlevel@text=\count341
\blx@parenlevel@foot=\count342
\blx@sectionciteorder@0=\count343
\blx@sectionciteorderinternal@0=\count344
\blx@entrysetcounter=\count345
\blx@biblioinstance=\count346
\labelnumberwidth=\skip60
\labelalphawidth=\skip61
\biblabelsep=\skip62
\bibitemsep=\skip63
\bibnamesep=\skip64
\bibinitsep=\skip65
\bibparsep=\skip66
\bibhang=\skip67
\blx@bcfin=\read2
\blx@bcfout=\write3
\blx@langwohyphens=\language79
\c@mincomprange=\count347
\c@maxcomprange=\count348
\c@mincompwidth=\count349
Package biblatex Info: Trying to load biblatex default data model...
Package biblatex Info: ... file 'blx-dm.def' found.
(C:\Users\rjbischo\AppData\Local\Programs\MiKTeX\tex/latex/biblatex\blx-dm.def
File: blx-dm.def 2023/03/05 v3.19 biblatex localization (PK/MW)
)
Package biblatex Info: Trying to load biblatex style data model...
Package biblatex Info: ... file 'authoryear.dbx' not found.
Package biblatex Info: Trying to load biblatex custom data model...
Package biblatex Info: ... file 'biblatex-dm.cfg' not found.
\c@afterword=\count350
\c@savedafterword=\count351
\c@annotator=\count352
\c@savedannotator=\count353
\c@author=\count354
\c@savedauthor=\count355
\c@bookauthor=\count356
\c@savedbookauthor=\count357
\c@commentator=\count358
\c@savedcommentator=\count359
\c@editor=\count360
\c@savededitor=\count361
\c@editora=\count362
\c@savededitora=\count363
\c@editorb=\count364
\c@savededitorb=\count365
\c@editorc=\count366
\c@savededitorc=\count367
\c@foreword=\count368
\c@savedforeword=\count369
\c@holder=\count370
\c@savedholder=\count371
\c@introduction=\count372
\c@savedintroduction=\count373
\c@namea=\count374
\c@savednamea=\count375
\c@nameb=\count376
\c@savednameb=\count377
\c@namec=\count378
\c@savednamec=\count379
\c@translator=\count380
\c@savedtranslator=\count381
\c@shortauthor=\count382
\c@savedshortauthor=\count383
\c@shorteditor=\count384
\c@savedshorteditor=\count385
\c@labelname=\count386
\c@savedlabelname=\count387
\c@institution=\count388
\c@savedinstitution=\count389
\c@lista=\count390
\c@savedlista=\count391
\c@listb=\count392
\c@savedlistb=\count393
\c@listc=\count394
\c@savedlistc=\count395
\c@listd=\count396
\c@savedlistd=\count397
\c@liste=\count398
\c@savedliste=\count399
\c@listf=\count400
\c@savedlistf=\count401
\c@location=\count402
\c@savedlocation=\count403
\c@organization=\count404
\c@savedorganization=\count405
\c@origlocation=\count406
\c@savedoriglocation=\count407
\c@origpublisher=\count408
\c@savedorigpublisher=\count409
\c@publisher=\count410
\c@savedpublisher=\count411
\c@language=\count412
\c@savedlanguage=\count413
\c@origlanguage=\count414
\c@savedoriglanguage=\count415
\c@pageref=\count416
\c@savedpageref=\count417
\shorthandwidth=\skip68
\shortjournalwidth=\skip69
\shortserieswidth=\skip70
\shorttitlewidth=\skip71
\shortauthorwidth=\skip72
\shorteditorwidth=\skip73
\locallabelnumberwidth=\skip74
\locallabelalphawidth=\skip75
\localshorthandwidth=\skip76
\localshortjournalwidth=\skip77
\localshortserieswidth=\skip78
\localshorttitlewidth=\skip79
\localshortauthorwidth=\skip80
\localshorteditorwidth=\skip81
Package biblatex Info: Trying to load compatibility code...
Package biblatex Info: ... file 'blx-compat.def' found.

(C:\Users\rjbischo\AppData\Local\Programs\MiKTeX\tex/latex/biblatex\blx-compat.
def
File: blx-compat.def 2023/03/05 v3.19 biblatex compatibility (PK/MW)
)
Package biblatex Info: Trying to load generic definitions...
Package biblatex Info: ... file 'biblatex.def' found.

(C:\Users\rjbischo\AppData\Local\Programs\MiKTeX\tex/latex/biblatex\biblatex.de
f
File: biblatex.def 2023/03/05 v3.19 biblatex compatibility (PK/MW)
\c@textcitecount=\count418
\c@textcitetotal=\count419
\c@textcitemaxnames=\count420
\c@biburlbigbreakpenalty=\count421
\c@biburlbreakpenalty=\count422
\c@biburlnumpenalty=\count423
\c@biburlucpenalty=\count424
\c@biburllcpenalty=\count425
\biburlbigskip=\muskip17
\biburlnumskip=\muskip18
\biburlucskip=\muskip19
\biburllcskip=\muskip20
\c@smartand=\count426
)
Package biblatex Info: Trying to load natbib compatibility...
Package biblatex Info: ... file 'blx-natbib.def' found.

(C:\Users\rjbischo\AppData\Local\Programs\MiKTeX\tex/latex/biblatex\blx-natbib.
def
File: blx-natbib.def 2023/03/05 v3.19 biblatex compatibility (PK/MW)
Package biblatex Info: Delimiter 'nameyeardelim' in context '' already defined,
 overwriting.
)
Package biblatex Info: Trying to load bibliography style 'authoryear'...
Package biblatex Info: ... file 'authoryear.bbx' found.

(C:\Users\rjbischo\AppData\Local\Programs\MiKTeX\tex/latex/biblatex/bbx\authory
ear.bbx
File: authoryear.bbx 2023/03/05 v3.19 biblatex bibliography style (PK/MW)
Package biblatex Info: Trying to load bibliography style 'standard'...
Package biblatex Info: ... file 'standard.bbx' found.

(C:\Users\rjbischo\AppData\Local\Programs\MiKTeX\tex/latex/biblatex/bbx\standar
d.bbx
File: standard.bbx 2023/03/05 v3.19 biblatex bibliography style (PK/MW)
\c@bbx:relatedcount=\count427
\c@bbx:relatedtotal=\count428
))
Package biblatex Info: Trying to load citation style 'authoryear-comp'...
Package biblatex Info: ... file 'authoryear-comp.cbx' found.

(C:\Users\rjbischo\AppData\Local\Programs\MiKTeX\tex/latex/biblatex/cbx\authory
ear-comp.cbx
File: authoryear-comp.cbx 2023/03/05 v3.19 biblatex citation style (PK/MW)
Package biblatex Info: Redefining '\cite'.
Package biblatex Info: Redefining '\parencite'.
Package biblatex Info: Redefining '\footcite'.
Package biblatex Info: Redefining '\footcitetext'.
Package biblatex Info: Redefining '\smartcite'.
Package biblatex Info: Redefining '\textcite'.
Package biblatex Info: Redefining '\textcites'.
Package biblatex Info: Redefining '\cites'.
Package biblatex Info: Redefining '\parencites'.
Package biblatex Info: Redefining '\footcites'.
Package biblatex Info: Redefining '\footcitetexts'.
Package biblatex Info: Redefining '\smartcites'.
)
Package biblatex Info: Trying to load configuration file...
Package biblatex Info: ... file 'biblatex.cfg' found.

(C:\Users\rjbischo\AppData\Local\Programs\MiKTeX\tex/latex/biblatex\biblatex.cf
g
File: biblatex.cfg 
)
Package biblatex Info: Input encoding 'utf8' detected.
Package biblatex Info: Document encoding is UTF8 ....
Package biblatex Info: ... and expl3
(biblatex)             2023-05-15 L3 programming layer (loader) 
(biblatex)             is new enough (at least 2020/04/06),
(biblatex)             setting 'casechanger=expl3'.

(C:\Users\rjbischo\AppData\Local\Programs\MiKTeX\tex/latex/biblatex\blx-case-ex
pl3.sty
(C:\Users\rjbischo\AppData\Local\Programs\MiKTeX\tex/latex/l3packages/xparse\xp
arse.sty
Package: xparse 2023-02-02 L3 Experimental document command parser
)
Package: blx-case-expl3 2023/03/05 v3.19 expl3 case changing code for biblatex
))
(C:\Users\rjbischo\AppData\Local\Programs\MiKTeX\tex/latex/csquotes\csquotes.st
y
Package: csquotes 2022-09-14 v5.2n context-sensitive quotations (JAW)
\csq@reset=\count429
\csq@gtype=\count430
\csq@glevel=\count431
\csq@qlevel=\count432
\csq@maxlvl=\count433
\csq@tshold=\count434
\csq@ltx@everypar=\toks25

(C:\Users\rjbischo\AppData\Local\Programs\MiKTeX\tex/latex/csquotes\csquotes.de
f
File: csquotes.def 2022-09-14 v5.2n csquotes generic definitions (JAW)
)
Package csquotes Info: Trying to load configuration file 'csquotes.cfg'...
Package csquotes Info: ... configuration file loaded successfully.

(C:\Users\rjbischo\AppData\Local\Programs\MiKTeX\tex/latex/csquotes\csquotes.cf
g
File: csquotes.cfg 
)) (C:\Users\rjbischo\AppData\Local\Programs\MiKTeX\tex/generic/babel\babel.sty
Package: babel 2023/05/11 v3.89 The Babel package
\babel@savecnt=\count435
\U@D=\dimen178
\l@unhyphenated=\language80

(C:\Users\rjbischo\AppData\Local\Programs\MiKTeX\tex/generic/babel\txtbabel.def
)
\bbl@readstream=\read3
\bbl@dirlevel=\count436
*************************************
* Local config file bblopts.cfg used
*
(C:\Users\rjbischo\AppData\Local\Programs\MiKTeX\tex/latex/arabi\bblopts.cfg
File: bblopts.cfg 2005/09/08 v0.1 add Arabic and Farsi to "declared" options of
 babel
)
(C:\Users\rjbischo\AppData\Local\Programs\MiKTeX\tex/latex/babel-english\englis
h.ldf
Language: english 2017/06/06 v3.3r English support from the babel system
Package babel Info: Hyphen rules for 'canadian' set to \l@english
(babel)             (\language0). Reported on input line 102.
Package babel Info: Hyphen rules for 'australian' set to \l@ukenglish
(babel)             (\language73). Reported on input line 105.
Package babel Info: Hyphen rules for 'newzealand' set to \l@ukenglish
(babel)             (\language73). Reported on input line 108.
))
(C:\Users\rjbischo\AppData\Local\Programs\MiKTeX\tex/generic/babel/locale/en\ba
bel-english.tex
Package babel Info: Importing font and identification data for english
(babel)             from babel-en.ini. Reported on input line 11.
)
(C:\Users\rjbischo\AppData\Local\Programs\MiKTeX\tex/latex/hyperref\nameref.sty
Package: nameref 2022-05-17 v2.50 Cross-referencing by name of section

(C:\Users\rjbischo\AppData\Local\Programs\MiKTeX\tex/latex/refcount\refcount.st
y
Package: refcount 2019/12/15 v3.6 Data extraction from label references (HO)
)
(C:\Users\rjbischo\AppData\Local\Programs\MiKTeX\tex/generic/gettitlestring\get
titlestring.sty
Package: gettitlestring 2019/12/15 v1.6 Cleanup title references (HO)
)
\c@section@level=\count437
)
(C:\Users\rjbischo\AppData\Local\Programs\MiKTeX\tex/latex/hyperref\hyperref.st
y
Package: hyperref 2023-04-22 v7.00x Hypertext links for LaTeX

(C:\Users\rjbischo\AppData\Local\Programs\MiKTeX\tex/generic/kvdefinekeys\kvdef
inekeys.sty
Package: kvdefinekeys 2019-12-19 v1.6 Define keys (HO)
)
(C:\Users\rjbischo\AppData\Local\Programs\MiKTeX\tex/generic/pdfescape\pdfescap
e.sty
Package: pdfescape 2019/12/09 v1.15 Implements pdfTeX's escape features (HO)
) (C:\Users\rjbischo\AppData\Local\Programs\MiKTeX\tex/latex/hycolor\hycolor.st
y
Package: hycolor 2020-01-27 v1.10 Color options for hyperref/bookmark (HO)
)
(C:\Users\rjbischo\AppData\Local\Programs\MiKTeX\tex/latex/letltxmacro\letltxma
cro.sty
Package: letltxmacro 2019/12/03 v1.6 Let assignment for LaTeX macros (HO)
) (C:\Users\rjbischo\AppData\Local\Programs\MiKTeX\tex/latex/auxhook\auxhook.st
y
Package: auxhook 2019-12-17 v1.6 Hooks for auxiliary files (HO)
)
\@linkdim=\dimen179
\Hy@linkcounter=\count438
\Hy@pagecounter=\count439
(C:\Users\rjbischo\AppData\Local\Programs\MiKTeX\tex/latex/hyperref\pd1enc.def
File: pd1enc.def 2023-04-22 v7.00x Hyperref: PDFDocEncoding definition (HO)
Now handling font encoding PD1 ...
... no UTF-8 mapping file for font encoding PD1
)
(C:\Users\rjbischo\AppData\Local\Programs\MiKTeX\tex/generic/intcalc\intcalc.st
y
Package: intcalc 2019/12/15 v1.3 Expandable calculations with integers (HO)
)
\Hy@SavedSpaceFactor=\count440
(C:\Users\rjbischo\AppData\Local\Programs\MiKTeX\tex/latex/hyperref\puenc.def
File: puenc.def 2023-04-22 v7.00x Hyperref: PDF Unicode definition (HO)
Now handling font encoding PU ...
... no UTF-8 mapping file for font encoding PU
)
Package hyperref Info: Option `colorlinks' set `true' on input line 4065.
Package hyperref Info: Hyper figures OFF on input line 4182.
Package hyperref Info: Link nesting OFF on input line 4187.
Package hyperref Info: Hyper index ON on input line 4190.
Package hyperref Info: Plain pages OFF on input line 4197.
Package hyperref Info: Backreferencing OFF on input line 4202.
Package hyperref Info: Implicit mode ON; LaTeX internals redefined.
Package hyperref Info: Bookmarks ON on input line 4449.
\c@Hy@tempcnt=\count441
LaTeX Info: Redefining \url on input line 4787.
\XeTeXLinkMargin=\dimen180
(C:\Users\rjbischo\AppData\Local\Programs\MiKTeX\tex/generic/bitset\bitset.sty
Package: bitset 2019/12/09 v1.3 Handle bit-vector datatype (HO)

(C:\Users\rjbischo\AppData\Local\Programs\MiKTeX\tex/generic/bigintcalc\bigintc
alc.sty
Package: bigintcalc 2019/12/15 v1.5 Expandable calculations on big integers (HO
)
))
\Fld@menulength=\count442
\Field@Width=\dimen181
\Fld@charsize=\dimen182
Package hyperref Info: Hyper figures OFF on input line 6066.
Package hyperref Info: Link nesting OFF on input line 6071.
Package hyperref Info: Hyper index ON on input line 6074.
Package hyperref Info: backreferencing OFF on input line 6081.
Package hyperref Info: Link coloring ON on input line 6084.
Package hyperref Info: Link coloring with OCG OFF on input line 6091.
Package hyperref Info: PDF/A mode OFF on input line 6096.

(C:\Users\rjbischo\AppData\Local\Programs\MiKTeX\tex/latex/base\atbegshi-ltx.st
y
Package: atbegshi-ltx 2021/01/10 v1.0c Emulation of the original atbegshi
package with kernel methods
)
\Hy@abspage=\count443
\c@Item=\count444
\c@Hfootnote=\count445
)
Package hyperref Info: Driver (autodetected): hpdftex.

(C:\Users\rjbischo\AppData\Local\Programs\MiKTeX\tex/latex/hyperref\hpdftex.def
File: hpdftex.def 2023-04-22 v7.00x Hyperref driver for pdfTeX

(C:\Users\rjbischo\AppData\Local\Programs\MiKTeX\tex/latex/base\atveryend-ltx.s
ty
Package: atveryend-ltx 2020/08/19 v1.0a Emulation of the original atveryend pac
kage
with kernel methods
)
\Fld@listcount=\count446
\c@bookmark@seq@number=\count447

(C:\Users\rjbischo\AppData\Local\Programs\MiKTeX\tex/latex/rerunfilecheck\rerun
filecheck.sty
Package: rerunfilecheck 2022-07-10 v1.10 Rerun checks for auxiliary files (HO)

(C:\Users\rjbischo\AppData\Local\Programs\MiKTeX\tex/generic/uniquecounter\uniq
uecounter.sty
Package: uniquecounter 2019/12/15 v1.4 Provide unlimited unique counter (HO)
)
Package uniquecounter Info: New unique counter `rerunfilecheck' on input line 2
85.
)
\Hy@SectionHShift=\skip82
)
(C:\Users\rjbischo\AppData\Local\Programs\MiKTeX\tex/latex/graphbox\graphbox.st
y
Package: graphbox 2018/01/17 v1.1 extension for graphicx to adjust containing b
ox

(C:\Users\rjbischo\AppData\Local\Programs\MiKTeX\tex/latex/graphics\graphicx.st
y
Package: graphicx 2021/09/16 v1.2d Enhanced LaTeX Graphics (DPC,SPQR)
\Gin@req@height=\dimen183
\Gin@req@width=\dimen184
)
\Gin@box@box=\box68
\Gin@box@width=\skip83
\Gin@box@height=\skip84
\Gin@box@raise=\skip85
\Gin@box@hspace=\skip86
\Gin@box@bwidth=\skip87
\Gin@box@bheight=\skip88
)
(C:\Users\rjbischo\AppData\Local\Programs\MiKTeX\tex/latex/floatrow\floatrow.st
y
Package: floatrow 2008/08/02 v0.3b floatrow: float package extension

(C:\Users\rjbischo\AppData\Local\Programs\MiKTeX\tex/latex/caption\caption3.sty
Package: caption3 2023/03/12 v2.4 caption3 kernel (AR)
\caption@tempdima=\dimen185
\captionmargin=\dimen186
\caption@leftmargin=\dimen187
\caption@rightmargin=\dimen188
\caption@width=\dimen189
\caption@indent=\dimen190
\caption@parindent=\dimen191
\caption@hangindent=\dimen192
Package caption Info: Standard document class detected.
)
\c@float@type=\count448
\float@exts=\toks26
\float@box=\box69
\@floatcapt=\box70
Package floatrow Info: Modified float package code loaded on input line 455.
Package floatrow Info: Modified rotfloat package code loaded on input line 473.

\FR@everyfloat=\toks27
\flrow@foot=\insert252
\FB@wd=\dimen193
\FBo@wd=\dimen194
\FBc@wd=\dimen195
\FBo@ht=\skip89
\FBc@ht=\skip90
\FBf@ht=\skip91
\FBo@max=\skip92
\FBc@max=\skip93
\FBf@max=\skip94
\c@FBl@b=\count449
\floatbox@depth=\count450
\c@FRobj=\count451
\c@FRsobj=\count452
\Xhsize=\skip95
\sXhsize=\skip96
\Zhsize=\skip97
\sZhsize=\skip98
\flrow@rowbox=\box71
\FR@Zunitlength=\dimen196
\c@FBcnt=\count453
\FPOScnt=\count454
\LTleft=\skip99
\LTright=\skip100
\LTleft=\skip101
\LTright=\skip102
\flrow@types=\toks28
) (C:\Users\rjbischo\AppData\Local\Programs\MiKTeX\tex/latex/caption\caption.st
y
Package: caption 2023/03/12 v3.6j Customizing captions (AR)
\c@caption@flags=\count455
\c@continuedfloat=\count456
Package caption Info: float package is loaded.
Package caption Info: floatrow package is loaded.
Package caption Info: floatrow package is loaded.
Package caption Info: hyperref package is loaded.
Package caption Info: longtable package is loaded.

(C:\Users\rjbischo\AppData\Local\Programs\MiKTeX\tex/latex/caption\ltcaption.st
y
Package: ltcaption 2021/01/08 v1.4c longtable captions (AR)
))
(C:\Users\rjbischo\AppData\Local\Programs\MiKTeX\tex/latex/microtype\microtype.
sty
Package: microtype 2023/03/13 v3.1a Micro-typographical refinements (RS)
\MT@toks=\toks29
\MT@tempbox=\box72
\MT@count=\count457
LaTeX Info: Redefining \noprotrusionifhmode on input line 1059.
LaTeX Info: Redefining \leftprotrusion on input line 1060.
\MT@prot@toks=\toks30
LaTeX Info: Redefining \rightprotrusion on input line 1078.
LaTeX Info: Redefining \textls on input line 1368.
\MT@outer@kern=\dimen197
LaTeX Info: Redefining \textmicrotypecontext on input line 1988.
\MT@listname@count=\count458

(C:\Users\rjbischo\AppData\Local\Programs\MiKTeX\tex/latex/microtype\microtype-
pdftex.def
File: microtype-pdftex.def 2023/03/13 v3.1a Definitions specific to pdftex (RS)

LaTeX Info: Redefining \lsstyle on input line 902.
LaTeX Info: Redefining \lslig on input line 902.
\MT@outer@space=\skip103
)
Package microtype Info: Loading configuration file microtype.cfg.

(C:\Users\rjbischo\AppData\Local\Programs\MiKTeX\tex/latex/microtype\microtype.
cfg
File: microtype.cfg 2023/03/13 v3.1a microtype main configuration file (RS)
))
(C:\Users\rjbischo\AppData\Local\Programs\MiKTeX\tex/latex/opensans\opensans.st
y
Package: opensans 2019/06/20 Style file for Open Sans.

(C:\Users\rjbischo\AppData\Local\Programs\MiKTeX\tex/latex/fontaxes\fontaxes.st
y
Package: fontaxes 2020/07/21 v1.0e Font selection axes
LaTeX Info: Redefining \upshape on input line 29.
LaTeX Info: Redefining \itshape on input line 31.
LaTeX Info: Redefining \slshape on input line 33.
LaTeX Info: Redefining \swshape on input line 35.
LaTeX Info: Redefining \scshape on input line 37.
LaTeX Info: Redefining \sscshape on input line 39.
LaTeX Info: Redefining \ulcshape on input line 41.
LaTeX Info: Redefining \textsw on input line 47.
LaTeX Info: Redefining \textssc on input line 48.
LaTeX Info: Redefining \textulc on input line 49.
)
(C:\Users\rjbischo\AppData\Local\Programs\MiKTeX\tex/generic/iftex\ifluatex.sty
Package: ifluatex 2019/10/25 v1.5 ifluatex legacy package. Use iftex instead.
) (C:\Users\rjbischo\AppData\Local\Programs\MiKTeX\tex/generic/iftex\ifxetex.st
y
Package: ifxetex 2019/10/25 v0.7 ifxetex legacy package. Use iftex instead.
) (C:\Users\rjbischo\AppData\Local\Programs\MiKTeX\tex/latex/xkeyval\xkeyval.st
y
Package: xkeyval 2022/06/16 v2.9 package option processing (HA)

(C:\Users\rjbischo\AppData\Local\Programs\MiKTeX\tex/generic/xkeyval\xkeyval.te
x
(C:\Users\rjbischo\AppData\Local\Programs\MiKTeX\tex/generic/xkeyval\xkvutils.t
ex
\XKV@toks=\toks31
\XKV@tempa@toks=\toks32
)
\XKV@depth=\count459
File: xkeyval.tex 2014/12/03 v2.7a key=value parser (HA)
)))
(C:\Users\rjbischo\AppData\Local\Programs\MiKTeX\tex/latex/changepage\changepag
e.sty
Package: changepage 2009/10/20 v1.0c check page and change page layout
\c@cp@cntr=\count460
\cp@tempcnt=\count461
))

Package biblatex Warning: Conflicting options.
(biblatex)                '<namepart>inits' conflicts with 'uniquename=full'.
(biblatex)                Setting 'uniquename=init' on input line 95.

Package csquotes Info: Checking for multilingual support...
Package csquotes Info: ... found 'babel' package.
Package csquotes Info: Adjusting default style.
Package csquotes Info: Redefining alias 'default' -> 'english'.
LaTeX Font Info:    Trying to load font information for T1+opensans-TLF on inpu
t line 95.

(C:\Users\rjbischo\AppData\Local\Programs\MiKTeX\tex/latex/opensans\t1opensans-
tlf.fd
File: T1opensans-TLF.fd 2019/06/24 Font definitions for T1/opensans-TLF.
)
LaTeX Font Info:    Font shape `T1/opensans-TLF/m/n' will be
(Font)              scaled to size 8.99994pt on input line 95.
(manuscript.aux)
\openout1 = `manuscript.aux'.

LaTeX Font Info:    Checking defaults for OML/cmm/m/it on input line 95.
LaTeX Font Info:    ... okay on input line 95.
LaTeX Font Info:    Checking defaults for OMS/cmsy/m/n on input line 95.
LaTeX Font Info:    ... okay on input line 95.
LaTeX Font Info:    Checking defaults for OT1/cmr/m/n on input line 95.
LaTeX Font Info:    ... okay on input line 95.
LaTeX Font Info:    Checking defaults for T1/cmr/m/n on input line 95.
LaTeX Font Info:    ... okay on input line 95.
LaTeX Font Info:    Checking defaults for TS1/cmr/m/n on input line 95.
LaTeX Font Info:    ... okay on input line 95.
LaTeX Font Info:    Checking defaults for OMX/cmex/m/n on input line 95.
LaTeX Font Info:    ... okay on input line 95.
LaTeX Font Info:    Checking defaults for U/cmr/m/n on input line 95.
LaTeX Font Info:    ... okay on input line 95.
LaTeX Font Info:    Checking defaults for PD1/pdf/m/n on input line 95.
LaTeX Font Info:    ... okay on input line 95.
LaTeX Font Info:    Checking defaults for PU/pdf/m/n on input line 95.
LaTeX Font Info:    ... okay on input line 95.
*geometry* driver: auto-detecting
*geometry* detected driver: pdftex
*geometry* verbose mode - [ preamble ] result:
* driver: pdftex
* paper: a4paper
* layout: <same size as paper>
* layoutoffset:(h,v)=(0.0pt,0.0pt)
* modes: 
* h-part:(L,W,R)=(72.26999pt, 452.9679pt, 72.26999pt)
* v-part:(T,H,B)=(72.26999pt, 700.50687pt, 72.26999pt)
* \paperwidth=597.50787pt
* \paperheight=845.04684pt
* \textwidth=452.9679pt
* \textheight=700.50687pt
* \oddsidemargin=0.0pt
* \evensidemargin=0.0pt
* \topmargin=-37.0pt
* \headheight=12.0pt
* \headsep=25.0pt
* \topskip=10.0pt
* \footskip=30.0pt
* \marginparwidth=119.50148pt
* \marginparsep=14.22636pt
* \columnsep=10.0pt
* \skip\footins=9.0pt plus 4.0pt minus 2.0pt
* \hoffset=0.0pt
* \voffset=0.0pt
* \mag=1000
* \@twocolumnfalse
* \@twosidefalse
* \@mparswitchfalse
* \@reversemargintrue
* (1in=72.27pt=25.4mm, 1cm=28.453pt)


(C:\Users\rjbischo\AppData\Local\Programs\MiKTeX\tex/latex/translations/dicts\t
ranslations-basic-dictionary-english.trsl
File: translations-basic-dictionary-english.trsl (english translation file `tra
nslations-basic-dictionary')
)
Package translations Info: loading dictionary `translations-basic-dictionary' f
or `english'. on input line 95.

(C:\Users\rjbischo\AppData\Local\Programs\MiKTeX\tex/context/base/mkii\supp-pdf
.mkii
[Loading MPS to PDF converter (version 2006.09.02).]
\scratchcounter=\count462
\scratchdimen=\dimen198
\scratchbox=\box73
\nofMPsegments=\count463
\nofMParguments=\count464
\everyMPshowfont=\toks33
\MPscratchCnt=\count465
\MPscratchDim=\dimen199
\MPnumerator=\count466
\makeMPintoPDFobject=\count467
\everyMPtoPDFconversion=\toks34
)
(C:\Users\rjbischo\AppData\Local\Programs\MiKTeX\tex/latex/epstopdf-pkg\epstopd
f-base.sty
Package: epstopdf-base 2020-01-24 v2.11 Base part for package epstopdf
Package epstopdf-base Info: Redefining graphics rule for `.eps' on input line 4
85.

(C:\Users\rjbischo\AppData\Local\Programs\MiKTeX\tex/latex/00miktex\epstopdf-sy
s.cfg
File: epstopdf-sys.cfg 2021/03/18 v2.0 Configuration of epstopdf for MiKTeX
))
Package biblatex Info: Trying to load language 'english'...
Package biblatex Info: ... file 'english.lbx' found.

(C:\Users\rjbischo\AppData\Local\Programs\MiKTeX\tex/latex/biblatex/lbx\english
.lbx
File: english.lbx 2023/03/05 v3.19 biblatex localization (PK/MW)
)
Package biblatex Info: Input encoding 'utf8' detected.
Package biblatex Info: Automatic encoding selection.
(biblatex)             Assuming data encoding 'utf8'.
\openout3 = `manuscript.bcf'.

Package biblatex Info: Trying to load bibliographic data...
Package biblatex Info: ... file 'manuscript.bbl' found.
(manuscript.bbl)
Package biblatex Info: Reference section=0 on input line 95.
Package biblatex Info: Reference segment=0 on input line 95.
Package hyperref Info: Link coloring ON on input line 95.
(manuscript.out) (manuscript.out)
\@outlinefile=\write4
\openout4 = `manuscript.out'.

Package caption Info: Begin \AtBeginDocument code.
Package caption Info: changepage package is loaded.
\caption@adjustwidth@hsize=\dimen256
\caption@adjustwidth@linewidth=\dimen257
Package caption Info: Fixing longtable code of `floatrow' package.
Package caption Info: End \AtBeginDocument code.

(C:\Users\rjbischo\AppData\Local\Programs\MiKTeX\tex/latex/floatrow\fr-longtabl
e.sty
Package: fr-longtable 2007/11/28 v0.1b (beta) floatrow: additions for longtable

\flrow@LT@lasthead=\box74
\flrow@LT@prelastfoot=\box75
\c@FBLTpage=\count468
)
LaTeX Info: Redefining \microtypecontext on input line 95.
Package microtype Info: Applying patch `item' on input line 95.
Package microtype Info: Applying patch `toc' on input line 95.
Package microtype Info: Applying patch `eqnum' on input line 95.
Package microtype Info: Applying patch `footnote' on input line 95.
Package microtype Info: Applying patch `verbatim' on input line 95.
Package microtype Info: Generating PDF output.
Package microtype Info: Character protrusion enabled (level 2).
Package microtype Info: Using default protrusion set `alltext'.
Package microtype Info: Automatic font expansion enabled (level 2),
(microtype)             stretch: 20, shrink: 20, step: 1, non-selected.
Package microtype Info: Using default expansion set `alltext-nott'.
LaTeX Info: Redefining \showhyphens on input line 95.
Package microtype Info: No adjustment of tracking.
Package microtype Info: No adjustment of interword spacing.
Package microtype Info: No adjustment of character kerning.
Package microtype Info: Loading generic protrusion settings for font family
(microtype)             `opensans-TLF' (encoding: T1).
(microtype)             For optimal results, create family-specific settings.
(microtype)             See the microtype manual for details.
\c@mv@tabular=\count469
\c@mv@boldtabular=\count470
LaTeX Font Info:    Font shape `T1/opensans-TLF/m/n' will be
(Font)              scaled to size 22.39185pt on input line 96.
LaTeX Font Info:    Font shape `T1/opensans-TLF/sb/n' will be
(Font)              scaled to size 22.39185pt on input line 96.
LaTeX Font Info:    Font shape `T1/opensans-TLF/m/n' will be
(Font)              scaled to size 12.9599pt on input line 96.

(C:\Users\rjbischo\AppData\Local\Programs\MiKTeX\tex/latex/microtype\mt-cmr.cfg
File: mt-cmr.cfg 2013/05/19 v2.2 microtype config. file: Computer Modern Roman 
(RS)
)
LaTeX Font Info:    External font `cmex10' loaded for size
(Font)              <14.4> on input line 96.
LaTeX Font Info:    External font `cmex10' loaded for size
(Font)              <7> on input line 96.
LaTeX Font Info:    External font `cmex10' loaded for size
(Font)              <5> on input line 96.
LaTeX Font Info:    Font shape `T1/opensans-TLF/m/n' will be
(Font)              scaled to size 6.29996pt on input line 96.
LaTeX Font Info:    Font shape `T1/opensans-TLF/b/n' will be
(Font)              scaled to size 8.99994pt on input line 96.
LaTeX Font Info:    Font shape `T1/opensans-TLF/b/n' will be
(Font)              scaled to size 10.79993pt on input line 96.

LaTeX Font Warning: Font shape `T1/opensans-TLF/b/sc' undefined
(Font)              using `T1/opensans-TLF/b/n' instead on input line 96.


Underfull \hbox (badness 10000) in paragraph at lines 96--96

 []

LaTeX Font Info:    Font shape `T1/opensans-TLF/m/n' will be
(Font)              scaled to size 4.49997pt on input line 96.
LaTeX Font Info:    Trying to load font information for T1+cmss on input line 9
6.
(C:\Users\rjbischo\AppData\Local\Programs\MiKTeX\tex/latex/base\t1cmss.fd
File: t1cmss.fd 2022/07/10 v2.5l Standard LaTeX font definitions
)
Package microtype Info: Loading generic protrusion settings for font family
(microtype)             `cmss' (encoding: T1).
(microtype)             For optimal results, create family-specific settings.
(microtype)             See the microtype manual for details.
LaTeX Font Info:    Font shape `T1/opensans-TLF/m/n' will be
(Font)              scaled to size 7.19995pt on input line 96.
LaTeX Font Info:    Font shape `T1/opensans-TLF/b/n' will be
(Font)              scaled to size 7.19995pt on input line 96.
LaTeX Font Info:    Font shape `T1/opensans-TLF/b/it' will be
(Font)              scaled to size 7.19995pt on input line 96.

Overfull \hbox (16.85727pt too wide) in paragraph at lines 96--96
[][][][] 
 []

[1

{C:/Users/rjbischo/AppData/Local/MiKTeX/fonts/map/pdftex/pdftex.map}{C:/Users/r
jbischo/AppData/Local/Programs/MiKTeX/fonts/enc/dvips/opensans/a_jg4h6q.enc}]
*geometry* verbose mode - [ newgeometry ] result:
* driver: pdftex
* paper: a4paper
* layout: <same size as paper>
* layoutoffset:(h,v)=(0.0pt,0.0pt)
* modes: 
* h-part:(L,W,R)=(72.26999pt, 452.9679pt, 72.26999pt)
* v-part:(T,H,B)=(72.26999pt, 700.50687pt, 72.26999pt)
* \paperwidth=597.50787pt
* \paperheight=845.04684pt
* \textwidth=452.9679pt
* \textheight=700.50687pt
* \oddsidemargin=0.0pt
* \evensidemargin=0.0pt
* \topmargin=-37.0pt
* \headheight=12.0pt
* \headsep=25.0pt
* \topskip=10.0pt
* \footskip=30.0pt
* \marginparwidth=119.50148pt
* \marginparsep=14.22636pt
* \columnsep=10.0pt
* \skip\footins=9.0pt plus 4.0pt minus 2.0pt
* \hoffset=0.0pt
* \voffset=0.0pt
* \mag=1000
* \@twocolumnfalse
* \@twosidefalse
* \@mparswitchfalse
* \@reversemarginfalse
* (1in=72.27pt=25.4mm, 1cm=28.453pt)

LaTeX Font Info:    Font shape `T1/opensans-TLF/b/n' will be
(Font)              scaled to size 12.9599pt on input line 99.

pdfTeX warning (ext4): destination with the same identifier (name{page.}) has b
een already used, duplicate ignored
<to be read again> 
                   \relax 
l.113 
       [2

]
<figures/TontoBasin.png, id=131, 469.755pt x 364.9635pt>
File: figures/TontoBasin.png Graphic file (type png)
<use figures/TontoBasin.png>
Package pdftex.def Info: figures/TontoBasin.png  used on input line 121.
(pdftex.def)             Requested size: 452.9679pt x 351.92026pt.

pdfTeX warning (ext4): destination with the same identifier (name{page.}) has b
een already used, duplicate ignored
<to be read again> 
                   \relax 
l.125 
       [3 <./figures/TontoBasin.png>]
LaTeX Font Info:    Font shape `T1/opensans-TLF/m/n' will be
(Font)              scaled to size 10.79993pt on input line 129.
<figures/pointComparison.png, id=142, 388.8126pt x 289.08pt>
File: figures/pointComparison.png Graphic file (type png)
<use figures/pointComparison.png>
Package pdftex.def Info: figures/pointComparison.png  used on input line 137.
(pdftex.def)             Requested size: 452.9679pt x 336.80188pt.
<figures/comparisonPCA.png, id=143, 280.4076pt x 145.0218pt>
File: figures/comparisonPCA.png Graphic file (type png)
<use figures/comparisonPCA.png>
Package pdftex.def Info: figures/comparisonPCA.png  used on input line 141.
(pdftex.def)             Requested size: 452.9679pt x 234.26573pt.
LaTeX Font Info:    External font `cmex10' loaded for size
(Font)              <8> on input line 144.
LaTeX Font Info:    External font `cmex10' loaded for size
(Font)              <6> on input line 144.
LaTeX Font Info:    Font shape `T1/opensans-TLF/m/n' will be
(Font)              scaled to size 5.39996pt on input line 144.

pdfTeX warning (ext4): destination with the same identifier (name{page.}) has b
een already used, duplicate ignored
<to be read again> 
                   \relax 
l.151 
       [4]
pdfTeX warning (ext4): destination with the same identifier (name{page.}) has b
een already used, duplicate ignored
<to be read again> 
                   \relax 
l.151 
       [5 <./figures/pointComparison.png> <./figures/comparisonPCA.png>]
<figures/ProjPointBoundaries.png, id=171, 388.8126pt x 308.8338pt>
File: figures/ProjPointBoundaries.png Graphic file (type png)
<use figures/ProjPointBoundaries.png>
Package pdftex.def Info: figures/ProjPointBoundaries.png  used on input line 15
3.
(pdftex.def)             Requested size: 452.9679pt x 359.81668pt.
<figures/JusticePointsTypesFinal.png, id=173, 388.8126pt x 302.4098pt>
File: figures/JusticePointsTypesFinal.png Graphic file (type png)
<use figures/JusticePointsTypesFinal.png>
Package pdftex.def Info: figures/JusticePointsTypesFinal.png  used on input lin
e 180.
(pdftex.def)             Requested size: 452.9679pt x 352.3322pt.

pdfTeX warning (ext4): destination with the same identifier (name{page.}) has b
een already used, duplicate ignored
<to be read again> 
                   \relax 
l.188 
       [6 <./figures/ProjPointBoundaries.png>]
pdfTeX warning (ext4): destination with the same identifier (name{page.}) has b
een already used, duplicate ignored
<to be read again> 
                   \relax 
l.188 
       [7 <./figures/JusticePointsTypesFinal.png>]
<figures/TontoPointsFinal.png, id=189, 194.4063pt x 149.358pt>
File: figures/TontoPointsFinal.png Graphic file (type png)
<use figures/TontoPointsFinal.png>
Package pdftex.def Info: figures/TontoPointsFinal.png  used on input line 192.
(pdftex.def)             Requested size: 452.9679pt x 348.05821pt.

pdfTeX warning (ext4): destination with the same identifier (name{page.}) has b
een already used, duplicate ignored
<to be read again> 
                   \relax 
l.204 
       [8 <./figures/TontoPointsFinal.png>]
pdfTeX warning (ext4): destination with the same identifier (name{page.}) has b
een already used, duplicate ignored
<to be read again> 
                   \relax 
l.212 
       [9]
pdfTeX warning (ext4): destination with the same identifier (name{page.}) has b
een already used, duplicate ignored
<to be read again> 
                   \relax 
l.218 
       [10]
<figures/curveComparison.png, id=265, 433.62pt x 433.62pt>
File: figures/curveComparison.png Graphic file (type png)
<use figures/curveComparison.png>
Package pdftex.def Info: figures/curveComparison.png  used on input line 220.
(pdftex.def)             Requested size: 452.9679pt x 452.99205pt.
<figures/cornerComparison.png, id=266, 433.62pt x 433.62pt>
File: figures/cornerComparison.png Graphic file (type png)
<use figures/cornerComparison.png>
Package pdftex.def Info: figures/cornerComparison.png  used on input line 224.
(pdftex.def)             Requested size: 452.9679pt x 452.99205pt.
<figures/JusticeEFAPCA.png, id=269, 388.8126pt x 289.08pt>
File: figures/JusticeEFAPCA.png Graphic file (type png)
<use figures/JusticeEFAPCA.png>
Package pdftex.def Info: figures/JusticeEFAPCA.png  used on input line 306.
(pdftex.def)             Requested size: 452.9679pt x 336.80188pt.

pdfTeX warning (ext4): destination with the same identifier (name{page.}) has b
een already used, duplicate ignored
<to be read again> 
                   \relax 
l.310 
       [11]
pdfTeX warning (ext4): destination with the same identifier (name{page.}) has b
een already used, duplicate ignored
<to be read again> 
                   \relax 
l.310 
       [12 <./figures/curveComparison.png (PNG copy)>]
pdfTeX warning (ext4): destination with the same identifier (name{page.}) has b
een already used, duplicate ignored
<to be read again> 
                   \relax 
l.310 
       [13 <./figures/cornerComparison.png (PNG copy)>]
pdfTeX warning (ext4): destination with the same identifier (name{page.}) has b
een already used, duplicate ignored
<to be read again> 
                   \relax 
l.310 
       [14 <./figures/JusticeEFAPCA.png (PNG copy)>]
<figures/meanShapesEFA.png, id=292, 388.8126pt x 289.08pt>
File: figures/meanShapesEFA.png Graphic file (type png)
<use figures/meanShapesEFA.png>
Package pdftex.def Info: figures/meanShapesEFA.png  used on input line 314.
(pdftex.def)             Requested size: 452.9679pt x 336.80188pt.

pdfTeX warning (ext4): destination with the same identifier (name{page.}) has b
een already used, duplicate ignored
<to be read again> 
                   \relax 
l.322 
       [15 <./figures/meanShapesEFA.png>]
<figures/JusticeSLDKPCA.png, id=299, 388.8126pt x 289.08pt>
File: figures/JusticeSLDKPCA.png Graphic file (type png)
<use figures/JusticeSLDKPCA.png>
Package pdftex.def Info: figures/JusticeSLDKPCA.png  used on input line 326.
(pdftex.def)             Requested size: 452.9679pt x 336.80188pt.

pdfTeX warning (ext4): destination with the same identifier (name{page.}) has b
een already used, duplicate ignored
<to be read again> 
                   \relax 
l.330 
       [16 <./figures/JusticeSLDKPCA.png (PNG copy)>]
<figures/TontoClusterNetwork.png, id=308, 388.8126pt x 289.08pt>
File: figures/TontoClusterNetwork.png Graphic file (type png)
<use figures/TontoClusterNetwork.png>
Package pdftex.def Info: figures/TontoClusterNetwork.png  used on input line 35
0.
(pdftex.def)             Requested size: 452.9679pt x 336.80188pt.

pdfTeX warning (ext4): destination with the same identifier (name{page.}) has b
een already used, duplicate ignored
<to be read again> 
                   \relax 
l.356 
       [17]
pdfTeX warning (ext4): destination with the same identifier (name{page.}) has b
een already used, duplicate ignored
<to be read again> 
                   \relax 
l.356 
       [18 <./figures/TontoClusterNetwork.png>]
<figures/TontoSideDistanceNetwork.png, id=323, 388.8126pt x 364.9635pt>
File: figures/TontoSideDistanceNetwork.png Graphic file (type png)
<use figures/TontoSideDistanceNetwork.png>
Package pdftex.def Info: figures/TontoSideDistanceNetwork.png  used on input li
ne 358.
(pdftex.def)             Requested size: 452.9679pt x 425.21239pt.
<figures/TontoTriangularDistanceNetwork.png, id=324, 388.8126pt x 364.9635pt>
File: figures/TontoTriangularDistanceNetwork.png Graphic file (type png)
<use figures/TontoTriangularDistanceNetwork.png>
Package pdftex.def Info: figures/TontoTriangularDistanceNetwork.png  used on in
put line 362.
(pdftex.def)             Requested size: 452.9679pt x 425.21239pt.

pdfTeX warning (ext4): destination with the same identifier (name{page.}) has b
een already used, duplicate ignored
<to be read again> 
                   \relax 
l.366 
       [19 <./figures/TontoSideDistanceNetwork.png>]
pdfTeX warning (ext4): destination with the same identifier (name{page.}) has b
een already used, duplicate ignored
<to be read again> 
                   \relax 
l.366 
       [20 <./figures/TontoTriangularDistanceNetwork.png>]
pdfTeX warning (ext4): destination with the same identifier (name{page.}) has b
een already used, duplicate ignored
<to be read again> 
                   \relax 
l.382 
       [21]
LaTeX Font Info:    Font shape `T1/opensans-TLF/m/it' will be
(Font)              scaled to size 8.99994pt on input line 397.

pdfTeX warning (ext4): destination with the same identifier (name{page.}) has b
een already used, duplicate ignored
<to be read again> 
                   \relax 
l.397 \printbibliography[notcategory=ignore]
                                                          %%% add text proper [
22]
pdfTeX warning (ext4): destination with the same identifier (name{page.}) has b
een already used, duplicate ignored
<to be read again> 
                   \relax 
l.397 \printbibliography[notcategory=ignore]
                                                          %%% add text proper [
23]
pdfTeX warning (ext4): destination with the same identifier (name{page.}) has b
een already used, duplicate ignored
<to be read again> 
                   \relax 
l.397 \printbibliography[notcategory=ignore]
                                                          %%% add text proper [
24]
pdfTeX warning (ext4): destination with the same identifier (name{page.}) has b
een already used, duplicate ignored
<to be read again> 
                   \relax 
l.398 \end{document}
                     [25] (manuscript.aux)

LaTeX Font Warning: Some font shapes were not available, defaults substituted.

Package rerunfilecheck Info: File `manuscript.out' has not changed.
(rerunfilecheck)             Checksum: 4661A406C269CB9ABCCE9D6393D1F086;2712.
Package logreq Info: Writing requests to 'manuscript.run.xml'.
\openout1 = `manuscript.run.xml'.

 ) 
Here is how much of TeX's memory you used:
 28977 strings out of 476411
 582050 string characters out of 5787718
 1876845 words of memory out of 5000000
 48824 multiletter control sequences out of 15000+600000
 527977 words of font info for 83 fonts, out of 8000000 for 9000
 1141 hyphenation exceptions out of 8191
 94i,9n,95p,2028b,2088s stack positions out of 10000i,1000n,20000p,200000b,200000s
 <C:\Users\rjbischo\AppData\Local\MiKTeX\fonts/pk/ljfour/jknappen/ec/dpi375\e
css0800.pk><C:/Users/rjbischo/AppData/Local/Programs/MiKTeX/fonts/type1/ascende
r/opensans/OpenSans-Bold.pfb><C:/Users/rjbischo/AppData/Local/Programs/MiKTeX/f
onts/type1/ascender/opensans/OpenSans-BoldItalic.pfb><C:/Users/rjbischo/AppData
/Local/Programs/MiKTeX/fonts/type1/ascender/opensans/OpenSans-Italic.pfb><C:/Us
ers/rjbischo/AppData/Local/Programs/MiKTeX/fonts/type1/ascender/opensans/OpenSa
ns-Regular.pfb><C:/Users/rjbischo/AppData/Local/Programs/MiKTeX/fonts/type1/asc
ender/opensans/OpenSans-SemiBold.pfb><C:/Users/rjbischo/AppData/Local/Programs/
MiKTeX/fonts/type1/public/amsfonts/cm/cmmi10.pfb><C:/Users/rjbischo/AppData/Loc
al/Programs/MiKTeX/fonts/type1/public/amsfonts/cm/cmmi7.pfb><C:/Users/rjbischo/
AppData/Local/Programs/MiKTeX/fonts/type1/public/amsfonts/cm/cmr10.pfb><C:/User
s/rjbischo/AppData/Local/Programs/MiKTeX/fonts/type1/public/amsfonts/cm/cmr7.pf
b>
Output written on manuscript.pdf (25 pages, 25369660 bytes).
PDF statistics:
 509 PDF objects out of 1000 (max. 8388607)
 114 named destinations out of 1000 (max. 500000)
 22223 words of extra memory for PDF output out of 24883 (max. 10000000)

